info:  Oct-02-2023 20:07:58: 	MongoDB Server connected
info:  Oct-02-2023 20:11:59: 	MongoDB Server connected
error:  Oct-02-2023 20:12:17: 	truePOST /api/login 404 - 2.995 ms - message: -
info:  Oct-02-2023 20:13:53: 	MongoDB Server connected
error:  Oct-02-2023 20:14:06: 	truePOST /api/login 404 - 3.357 ms - message: -
info:  Oct-02-2023 20:15:51: 	MongoDB Server connected
error:  Oct-02-2023 20:15:53: 	truePOST /api/auth/login 400 - 4.783 ms - message: -
info:  Oct-02-2023 20:18:23: 	MongoDB Server connected
error:  Oct-02-2023 20:18:32: 	truePOST /api/auth/login 400 - 5.118 ms - message: -
error:  Oct-02-2023 20:19:45: 	truePOST /api/auth/login 400 - 2.137 ms - message: -
info:  Oct-02-2023 20:20:35: 	MongoDB Server connected
error:  Oct-02-2023 20:20:41: 	truePOST /api/auth/login 400 - 4.537 ms - message: -
error:  Oct-02-2023 20:21:15: 	truePOST /api/auth/login 400 - 1.364 ms - message: -
error:  Oct-02-2023 20:21:33: 	truePOST /api/auth/login 400 - 0.859 ms - message: -
info:  Oct-02-2023 20:22:16: 	MongoDB Server connected
error:  Oct-02-2023 20:22:31: 	truePOST /api/login 400 - 4.201 ms - message: -
info:  Oct-02-2023 20:27:12: 	truePOST /api/login 200 - 750.890 ms
info:  Oct-02-2023 20:29:09: 	MongoDB Server connected
error:  Oct-02-2023 20:29:12: 	truePOST /api/login 404 - 1.443 ms - message: -
info:  Oct-02-2023 20:29:24: 	truePOST /api/auth/login 200 - 544.264 ms
